<?xml version="1.0" encoding="UTF-8"?>
<testsuite name="CodeTest" tests="1" skipped="0" failures="0" errors="0" timestamp="2021-01-15T10:50:33" hostname="MacBook-Pro-Daniil.local" time="0.016">
  <properties/>
  <testcase name="testSolutionClass" classname="CodeTest" time="0.016"/>
  <system-out><![CDATA[]]></system-out>
  <system-err><![CDATA[]]></system-err>
</testsuite>
