<?xml version="1.0" encoding="UTF-8"?>
<testsuite name="CorrectnessTest" tests="2" skipped="0" failures="0" errors="0" timestamp="2021-01-15T10:50:36" hostname="MacBook-Pro-Daniil.local" time="0.048">
  <properties/>
  <testcase name="testSpuriousWakeup" classname="CorrectnessTest" time="0.045"/>
  <testcase name="testFCFS" classname="CorrectnessTest" time="0.002"/>
  <system-out><![CDATA[]]></system-out>
  <system-err><![CDATA[]]></system-err>
</testsuite>
