<?xml version="1.0" encoding="UTF-8"?>
<testsuite name="CorrectnessTest" tests="4" skipped="0" failures="0" errors="0" timestamp="2020-12-25T17:59:22" hostname="MacBook-Pro-Daniil.local" time="1.752">
  <properties/>
  <testcase name="testConcurrentRandom" classname="CorrectnessTest" time="0.227"/>
  <testcase name="testSolutionClass" classname="CorrectnessTest" time="0.001"/>
  <testcase name="testRandom" classname="CorrectnessTest" time="1.522"/>
  <testcase name="testSimple" classname="CorrectnessTest" time="0.001"/>
  <system-out><![CDATA[]]></system-out>
  <system-err><![CDATA[]]></system-err>
</testsuite>
