<?xml version="1.0" encoding="UTF-8"?>
<testsuite name="SynchronousQueueTest" tests="2" skipped="0" failures="0" errors="0" timestamp="2020-12-31T16:49:33" hostname="MacBook-Pro-Daniil.local" time="341.202">
  <properties/>
  <testcase name="stressTest" classname="SynchronousQueueTest" time="126.173"/>
  <testcase name="modelCheckingTest" classname="SynchronousQueueTest" time="215.029"/>
  <system-out><![CDATA[]]></system-out>
  <system-err><![CDATA[]]></system-err>
</testsuite>
