<?xml version="1.0" encoding="UTF-8"?>
<testsuite name="CodeTest" tests="4" skipped="0" failures="0" errors="0" timestamp="2020-10-18T15:02:49" hostname="WH0126055.local" time="0.003">
  <properties/>
  <testcase name="testAccountLock" classname="CodeTest" time="0.0"/>
  <testcase name="testFineGrainedLock" classname="CodeTest" time="0.002"/>
  <testcase name="testNoSynchronizedMethods" classname="CodeTest" time="0.001"/>
  <testcase name="testImplFields" classname="CodeTest" time="0.0"/>
  <system-out><![CDATA[]]></system-out>
  <system-err><![CDATA[]]></system-err>
</testsuite>
