<?xml version="1.0" encoding="UTF-8"?>
<testsuite name="LinearizabilityTest" tests="1" skipped="0" failures="0" errors="0" timestamp="2020-10-18T15:01:05" hostname="WH0126055.local" time="104.009">
  <properties/>
  <testcase name="test" classname="LinearizabilityTest" time="104.009"/>
  <system-out><![CDATA[]]></system-out>
  <system-err><![CDATA[]]></system-err>
</testsuite>
